<?xml version="1.0" encoding="UTF-8"?>
<!-- Generated by org.testng.reporters.JUnitXMLReporter -->
<testsuite ignored="0" hostname="DESKTOP-J9ASU0U" failures="0" tests="4" name="Default test" time="4.407" errors="0" timestamp="2021-09-14T11:13:23 BRT">
  <testcase classname="Test_POST" name="test_1_post" time="2.709"/>
  <testcase classname="Test_POST" name="test_2_put" time="0.597"/>
  <testcase classname="Test_POST" name="test_3_patch" time="0.536"/>
  <testcase classname="Test_POST" name="test_4_delete" time="0.504"/>
</testsuite> <!-- Default test -->
