<?xml version="1.0" encoding="UTF-8"?>
<!-- Generated by org.testng.reporters.JUnitXMLReporter -->
<testsuite ignored="0" hostname="DESKTOP-J9ASU0U" failures="0" tests="4" name="Default test" time="3.549" errors="0" timestamp="2021-09-05T23:24:38 BRT">
  <testcase classname="Test_POST" name="test_1_post" time="1.931"/>
  <testcase classname="Test_POST" name="test_2_put" time="0.598"/>
  <testcase classname="Test_POST" name="test_3_patch" time="0.5"/>
  <testcase classname="Test_POST" name="test_4_delete" time="0.477"/>
</testsuite> <!-- Default test -->
