<?xml version="1.0" encoding="UTF-8"?>
<testng-results ignored="0" total="4" passed="4" failed="0" skipped="0">
  <reporter-output>
  </reporter-output>
  <suite started-at="2021-09-14T11:13:19 BRT" name="Default suite" finished-at="2021-09-14T11:13:23 BRT" duration-ms="4407">
    <groups>
    </groups>
    <test started-at="2021-09-14T11:13:19 BRT" name="Default test" finished-at="2021-09-14T11:13:23 BRT" duration-ms="4407">
      <class name="Test_POST">
        <test-method signature="test_1_post()[pri:0, instance:Test_POST@2cdd0d4b]" started-at="2021-09-14T11:13:19 BRT" name="test_1_post" finished-at="2021-09-14T11:13:21 BRT" duration-ms="2709" status="PASS">
          <reporter-output>
          </reporter-output>
        </test-method> <!-- test_1_post -->
        <test-method signature="test_2_put()[pri:0, instance:Test_POST@2cdd0d4b]" started-at="2021-09-14T11:13:21 BRT" name="test_2_put" finished-at="2021-09-14T11:13:22 BRT" duration-ms="597" status="PASS">
          <reporter-output>
          </reporter-output>
        </test-method> <!-- test_2_put -->
        <test-method signature="test_3_patch()[pri:0, instance:Test_POST@2cdd0d4b]" started-at="2021-09-14T11:13:22 BRT" name="test_3_patch" finished-at="2021-09-14T11:13:22 BRT" duration-ms="536" status="PASS">
          <reporter-output>
          </reporter-output>
        </test-method> <!-- test_3_patch -->
        <test-method signature="test_4_delete()[pri:0, instance:Test_POST@2cdd0d4b]" started-at="2021-09-14T11:13:22 BRT" name="test_4_delete" finished-at="2021-09-14T11:13:23 BRT" duration-ms="504" status="PASS">
          <reporter-output>
          </reporter-output>
        </test-method> <!-- test_4_delete -->
      </class> <!-- Test_POST -->
    </test> <!-- Default test -->
  </suite> <!-- Default suite -->
</testng-results>
